<component name="libraryTable">
  <library name="Junit">
    <CLASSES>
      <root url="jar://F:/Computer/apache-maven-3.6.3/repository/ch/qos/logback/logback-classic/1.2.3/logback-classic-1.2.3.jar!/" />
    </CLASSES>
    <JAVADOC />
    <SOURCES />
  </library>
</component>